[0m21:52:25.152409 [debug] [MainThread]: Sending event: {'category': 'dbt', 'action': 'invocation', 'label': 'start', 'context': [<snowplow_tracker.self_describing_json.SelfDescribingJson object at 0x0000022FA99BC350>, <snowplow_tracker.self_describing_json.SelfDescribingJson object at 0x0000022FA99BF800>, <snowplow_tracker.self_describing_json.SelfDescribingJson object at 0x0000022FA9A23F20>]}


============================== 21:52:25.160441 | dd891fb6-eca2-407d-aba3-9abfc7d85cab ==============================
[0m21:52:25.160441 [info ] [MainThread]: Running with dbt=1.11.10
[0m21:52:25.162430 [debug] [MainThread]: running dbt with arguments {'static_parser': 'True', 'no_print': 'None', 'version_check': 'True', 'target_path': 'None', 'warn_error_options': 'WarnErrorOptionsV2(error=[], warn=[], silence=[])', 'printer_width': '80', 'write_json': 'True', 'empty': 'None', 'log_cache_events': 'False', 'introspect': 'True', 'cache_selected_only': 'False', 'fail_fast': 'False', 'debug': 'False', 'log_format': 'default', 'profiles_dir': 'C:\\Users\\anupb\\.dbt', 'send_anonymous_usage_stats': 'True', 'quiet': 'False', 'warn_error': 'None', 'partial_parse': 'True', 'use_colors': 'True', 'indirect_selection': 'eager', 'invocation_command': 'dbt init data_pipeline', 'use_experimental_parser': 'False', 'log_path': 'logs'}
[0m21:52:25.203962 [info ] [MainThread]: Creating dbt configuration folder at C:\Users\anupb\.dbt
[0m21:52:25.207946 [debug] [MainThread]: Starter project path: C:\Users\anupb\AppData\Roaming\Python\Python312\site-packages\dbt\include\starter_project
[0m21:52:25.257946 [info ] [MainThread]: 
Your new dbt project "data_pipeline" was created!

For more information on how to configure the profiles.yml file,
please consult the dbt documentation here:

  https://docs.getdbt.com/docs/configure-your-profile

One more thing:

Need help? Don't hesitate to reach out to us via GitHub issues or on Slack:

  https://community.getdbt.com/

Happy modeling!

[0m21:52:25.258943 [info ] [MainThread]: Setting up your profile.
[0m21:53:06.753433 [debug] [MainThread]: Snowflake adapter: Setting snowflake.connector to ERROR (file logging only)
[0m21:53:06.754427 [debug] [MainThread]: Snowflake adapter: Setting botocore to ERROR (file logging only)
[0m21:53:06.755426 [debug] [MainThread]: Snowflake adapter: Setting boto3 to ERROR (file logging only)
[0m21:59:16.462406 [info ] [MainThread]: Profile data_pipeline written to C:\Users\anupb\.dbt\profiles.yml using target's profile_template.yml and your supplied values. Run 'dbt debug' to validate the connection.
[0m21:59:16.464405 [debug] [MainThread]: Command `dbt init` succeeded at 21:59:16.464405 after 411.47 seconds
[0m21:59:16.465426 [debug] [MainThread]: Sending event: {'category': 'dbt', 'action': 'invocation', 'label': 'end', 'context': [<snowplow_tracker.self_describing_json.SelfDescribingJson object at 0x0000022FCB701EE0>, <snowplow_tracker.self_describing_json.SelfDescribingJson object at 0x0000022FCB9493D0>, <snowplow_tracker.self_describing_json.SelfDescribingJson object at 0x0000022FA6C034D0>]}
[0m21:59:16.466437 [debug] [MainThread]: Flushing usage events
[0m21:59:16.963083 [debug] [MainThread]: An error was encountered while trying to flush usage events
[0m01:32:01.591957 [debug] [MainThread]: Sending event: {'category': 'dbt', 'action': 'invocation', 'label': 'start', 'context': [<snowplow_tracker.self_describing_json.SelfDescribingJson object at 0x000001E2902176E0>, <snowplow_tracker.self_describing_json.SelfDescribingJson object at 0x000001E28F9AAB40>, <snowplow_tracker.self_describing_json.SelfDescribingJson object at 0x000001E28F9A8530>]}


============================== 01:32:01.599956 | ced6ae82-94a1-43dc-b724-de1a956fab09 ==============================
[0m01:32:01.599956 [info ] [MainThread]: Running with dbt=1.11.10
[0m01:32:01.600956 [debug] [MainThread]: running dbt with arguments {'version_check': 'True', 'no_print': 'None', 'static_parser': 'True', 'target_path': 'None', 'warn_error_options': 'WarnErrorOptionsV2(error=[], warn=[], silence=[])', 'printer_width': '80', 'write_json': 'True', 'introspect': 'True', 'log_cache_events': 'False', 'empty': 'None', 'cache_selected_only': 'False', 'log_format': 'default', 'debug': 'False', 'fail_fast': 'False', 'partial_parse': 'True', 'send_anonymous_usage_stats': 'True', 'quiet': 'False', 'warn_error': 'None', 'profiles_dir': 'C:\\Users\\anupb\\.dbt', 'use_colors': 'True', 'indirect_selection': 'eager', 'invocation_command': 'dbt debug', 'use_experimental_parser': 'False', 'log_path': 'logs'}
[0m01:32:01.648972 [info ] [MainThread]: dbt version: 1.11.10
[0m01:32:01.649974 [info ] [MainThread]: python version: 3.12.1
[0m01:32:01.650981 [info ] [MainThread]: python path: C:\Python312\python.exe
[0m01:32:01.651978 [info ] [MainThread]: os info: Windows-11-10.0.26200-SP0
[0m01:32:03.396865 [debug] [MainThread]: Snowflake adapter: Setting snowflake.connector to ERROR (file logging only)
[0m01:32:03.396865 [debug] [MainThread]: Snowflake adapter: Setting botocore to ERROR (file logging only)
[0m01:32:03.397868 [debug] [MainThread]: Snowflake adapter: Setting boto3 to ERROR (file logging only)
[0m01:32:03.469489 [info ] [MainThread]: Using profiles dir at C:\Users\anupb\.dbt
[0m01:32:03.470478 [info ] [MainThread]: Using profiles.yml file at C:\Users\anupb\.dbt\profiles.yml
[0m01:32:03.471474 [info ] [MainThread]: Using dbt_project.yml file at C:\Users\anupb\OneDrive - Northeastern University\Desktop\dbt_airflow\dbt_project.yml
[0m01:32:03.473467 [info ] [MainThread]: adapter type: snowflake
[0m01:32:03.473467 [info ] [MainThread]: adapter version: 1.11.5
[0m01:32:03.474463 [info ] [MainThread]: Configuration:
[0m01:32:03.474463 [info ] [MainThread]:   profiles.yml file [[32mOK found and valid[0m]
[0m01:32:03.475469 [info ] [MainThread]:   dbt_project.yml file [[31mERROR not found[0m]
[0m01:32:03.475469 [info ] [MainThread]: Required dependencies:
[0m01:32:03.476456 [debug] [MainThread]: Executing "git --help"
[0m01:32:03.502465 [debug] [MainThread]: STDOUT: "b"usage: git [-v | --version] [-h | --help] [-C <path>] [-c <name>=<value>]\n           [--exec-path[=<path>]] [--html-path] [--man-path] [--info-path]\n           [-p | --paginate | -P | --no-pager] [--no-replace-objects] [--bare]\n           [--git-dir=<path>] [--work-tree=<path>] [--namespace=<name>]\n           [--config-env=<name>=<envvar>] <command> [<args>]\n\nThese are common Git commands used in various situations:\n\nstart a working area (see also: git help tutorial)\n   clone     Clone a repository into a new directory\n   init      Create an empty Git repository or reinitialize an existing one\n\nwork on the current change (see also: git help everyday)\n   add       Add file contents to the index\n   mv        Move or rename a file, a directory, or a symlink\n   restore   Restore working tree files\n   rm        Remove files from the working tree and from the index\n\nexamine the history and state (see also: git help revisions)\n   bisect    Use binary search to find the commit that introduced a bug\n   diff      Show changes between commits, commit and working tree, etc\n   grep      Print lines matching a pattern\n   log       Show commit logs\n   show      Show various types of objects\n   status    Show the working tree status\n\ngrow, mark and tweak your common history\n   branch    List, create, or delete branches\n   commit    Record changes to the repository\n   merge     Join two or more development histories together\n   rebase    Reapply commits on top of another base tip\n   reset     Reset current HEAD to the specified state\n   switch    Switch branches\n   tag       Create, list, delete or verify a tag object signed with GPG\n\ncollaborate (see also: git help workflows)\n   fetch     Download objects and refs from another repository\n   pull      Fetch from and integrate with another repository or a local branch\n   push      Update remote refs along with associated objects\n\n'git help -a' and 'git help -g' list available subcommands and some\nconcept guides. See 'git help <command>' or 'git help <concept>'\nto read about a specific subcommand or concept.\nSee 'git help git' for an overview of the system.\n""
[0m01:32:03.503458 [debug] [MainThread]: STDERR: "b''"
[0m01:32:03.503458 [info ] [MainThread]:  - git [[32mOK found[0m]

[0m01:32:03.504459 [info ] [MainThread]: Connection:
[0m01:32:03.505453 [info ] [MainThread]:   account: qcc45137.us-east-1
[0m01:32:03.505453 [info ] [MainThread]:   user: ANUPB024WORK
[0m01:32:03.506454 [info ] [MainThread]:   database: dbt_db
[0m01:32:03.507453 [info ] [MainThread]:   warehouse: dbt_wh
[0m01:32:03.507453 [info ] [MainThread]:   role: dbt_role
[0m01:32:03.508451 [info ] [MainThread]:   schema: dbt_schema
[0m01:32:03.508451 [info ] [MainThread]:   authenticator: None
[0m01:32:03.509457 [info ] [MainThread]:   oauth_client_id: None
[0m01:32:03.510455 [info ] [MainThread]:   query_tag: None
[0m01:32:03.511452 [info ] [MainThread]:   client_session_keep_alive: False
[0m01:32:03.511452 [info ] [MainThread]:   host: None
[0m01:32:03.512459 [info ] [MainThread]:   port: None
[0m01:32:03.514459 [info ] [MainThread]:   proxy_host: None
[0m01:32:03.515452 [info ] [MainThread]:   proxy_port: None
[0m01:32:03.516465 [info ] [MainThread]:   protocol: None
[0m01:32:03.517452 [info ] [MainThread]:   connect_retries: 1
[0m01:32:03.518455 [info ] [MainThread]:   connect_timeout: None
[0m01:32:03.518455 [info ] [MainThread]:   retry_on_database_errors: False
[0m01:32:03.519451 [info ] [MainThread]:   retry_all: False
[0m01:32:03.520453 [info ] [MainThread]:   insecure_mode: False
[0m01:32:03.521462 [info ] [MainThread]:   reuse_connections: True
[0m01:32:03.523453 [info ] [MainThread]:   s3_stage_vpce_dns_name: None
[0m01:32:03.523453 [info ] [MainThread]:   platform_detection_timeout_seconds: 0.0
[0m01:32:03.525457 [info ] [MainThread]: Registered adapter: snowflake=1.11.5
[0m01:32:04.107688 [debug] [MainThread]: Acquiring new snowflake connection 'debug'
[0m01:32:04.250326 [debug] [MainThread]: Using snowflake connection "debug"
[0m01:32:04.250326 [debug] [MainThread]: On debug: select 1 as id
[0m01:32:04.251326 [debug] [MainThread]: Opening a new connection, currently in state init
[0m01:32:05.734464 [debug] [MainThread]: SQL status: SUCCESS 1 in 1.483 seconds
[0m01:32:05.735492 [info ] [MainThread]:   Connection test: [[32mOK connection ok[0m]

[0m01:32:05.737015 [info ] [MainThread]: [31m1 check failed:[0m
[0m01:32:05.738535 [info ] [MainThread]: Project loading failed for the following reason:
 project path <C:\Users\anupb\OneDrive - Northeastern University\Desktop\dbt_airflow\dbt_project.yml> not found

[0m01:32:05.739552 [debug] [MainThread]: Command `dbt debug` failed at 01:32:05.739552 after 4.31 seconds
[0m01:32:05.740562 [debug] [MainThread]: Connection 'debug' was left open.
[0m01:32:05.741071 [debug] [MainThread]: On debug: Close
[0m01:32:05.818648 [debug] [MainThread]: Sending event: {'category': 'dbt', 'action': 'invocation', 'label': 'end', 'context': [<snowplow_tracker.self_describing_json.SelfDescribingJson object at 0x000001E28F6F34A0>, <snowplow_tracker.self_describing_json.SelfDescribingJson object at 0x000001E291504560>, <snowplow_tracker.self_describing_json.SelfDescribingJson object at 0x000001E2AFC1CC50>]}
[0m01:32:05.819648 [debug] [MainThread]: Flushing usage events
[0m01:32:06.244377 [debug] [MainThread]: An error was encountered while trying to flush usage events
[0m01:22:06.189473 [debug] [MainThread]: Sending event: {'category': 'dbt', 'action': 'invocation', 'label': 'start', 'context': [<snowplow_tracker.self_describing_json.SelfDescribingJson object at 0x000001ACD800B500>, <snowplow_tracker.self_describing_json.SelfDescribingJson object at 0x000001ACDAEDC9E0>, <snowplow_tracker.self_describing_json.SelfDescribingJson object at 0x000001ACD8D495E0>]}


============================== 01:22:06.203533 | 86ba1dc9-740e-45c3-9af7-7d5bf93ad181 ==============================
[0m01:22:06.203533 [info ] [MainThread]: Running with dbt=1.11.10
[0m01:22:06.206539 [debug] [MainThread]: running dbt with arguments {'version_check': 'True', 'no_print': 'None', 'static_parser': 'True', 'target_path': 'None', 'warn_error_options': 'WarnErrorOptionsV2(error=[], warn=[], silence=[])', 'printer_width': '80', 'write_json': 'True', 'empty': 'None', 'log_cache_events': 'False', 'introspect': 'True', 'cache_selected_only': 'False', 'fail_fast': 'False', 'debug': 'False', 'log_format': 'default', 'partial_parse': 'True', 'send_anonymous_usage_stats': 'True', 'quiet': 'False', 'warn_error': 'None', 'profiles_dir': 'C:\\Users\\anupb\\.dbt', 'invocation_command': 'dbt debug', 'use_colors': 'True', 'indirect_selection': 'eager', 'use_experimental_parser': 'False', 'log_path': 'logs'}
[0m01:22:06.287387 [info ] [MainThread]: dbt version: 1.11.10
[0m01:22:06.288388 [info ] [MainThread]: python version: 3.12.1
[0m01:22:06.289390 [info ] [MainThread]: python path: C:\Python312\python.exe
[0m01:22:06.290899 [info ] [MainThread]: os info: Windows-11-10.0.26200-SP0
[0m01:22:10.901748 [debug] [MainThread]: Snowflake adapter: Setting snowflake.connector to ERROR (file logging only)
[0m01:22:10.903748 [debug] [MainThread]: Snowflake adapter: Setting botocore to ERROR (file logging only)
[0m01:22:10.904750 [debug] [MainThread]: Snowflake adapter: Setting boto3 to ERROR (file logging only)
[0m01:22:11.012063 [info ] [MainThread]: Using profiles dir at C:\Users\anupb\.dbt
[0m01:22:11.013065 [info ] [MainThread]: Using profiles.yml file at C:\Users\anupb\.dbt\profiles.yml
[0m01:22:11.013065 [info ] [MainThread]: Using dbt_project.yml file at C:\Users\anupb\OneDrive - Northeastern University\Desktop\dbt_airflow\dbt_project.yml
[0m01:22:11.015065 [info ] [MainThread]: adapter type: snowflake
[0m01:22:11.016062 [info ] [MainThread]: adapter version: 1.11.5
[0m01:22:11.017063 [info ] [MainThread]: Configuration:
[0m01:22:11.017063 [info ] [MainThread]:   profiles.yml file [[32mOK found and valid[0m]
[0m01:22:11.018062 [info ] [MainThread]:   dbt_project.yml file [[31mERROR not found[0m]
[0m01:22:11.019062 [info ] [MainThread]: Required dependencies:
[0m01:22:11.021067 [debug] [MainThread]: Executing "git --help"
[0m01:22:11.070001 [debug] [MainThread]: STDOUT: "b"usage: git [-v | --version] [-h | --help] [-C <path>] [-c <name>=<value>]\n           [--exec-path[=<path>]] [--html-path] [--man-path] [--info-path]\n           [-p | --paginate | -P | --no-pager] [--no-replace-objects] [--bare]\n           [--git-dir=<path>] [--work-tree=<path>] [--namespace=<name>]\n           [--config-env=<name>=<envvar>] <command> [<args>]\n\nThese are common Git commands used in various situations:\n\nstart a working area (see also: git help tutorial)\n   clone     Clone a repository into a new directory\n   init      Create an empty Git repository or reinitialize an existing one\n\nwork on the current change (see also: git help everyday)\n   add       Add file contents to the index\n   mv        Move or rename a file, a directory, or a symlink\n   restore   Restore working tree files\n   rm        Remove files from the working tree and from the index\n\nexamine the history and state (see also: git help revisions)\n   bisect    Use binary search to find the commit that introduced a bug\n   diff      Show changes between commits, commit and working tree, etc\n   grep      Print lines matching a pattern\n   log       Show commit logs\n   show      Show various types of objects\n   status    Show the working tree status\n\ngrow, mark and tweak your common history\n   branch    List, create, or delete branches\n   commit    Record changes to the repository\n   merge     Join two or more development histories together\n   rebase    Reapply commits on top of another base tip\n   reset     Reset current HEAD to the specified state\n   switch    Switch branches\n   tag       Create, list, delete or verify a tag object signed with GPG\n\ncollaborate (see also: git help workflows)\n   fetch     Download objects and refs from another repository\n   pull      Fetch from and integrate with another repository or a local branch\n   push      Update remote refs along with associated objects\n\n'git help -a' and 'git help -g' list available subcommands and some\nconcept guides. See 'git help <command>' or 'git help <concept>'\nto read about a specific subcommand or concept.\nSee 'git help git' for an overview of the system.\n""
[0m01:22:11.072063 [debug] [MainThread]: STDERR: "b''"
[0m01:22:11.075217 [info ] [MainThread]:  - git [[32mOK found[0m]

[0m01:22:11.076751 [info ] [MainThread]: Connection:
[0m01:22:11.078282 [info ] [MainThread]:   account: qcc45137.us-east-1
[0m01:22:11.079407 [info ] [MainThread]:   user: ANUPB024WORK
[0m01:22:11.080418 [info ] [MainThread]:   database: dbt_db
[0m01:22:11.082526 [info ] [MainThread]:   warehouse: dbt_wh
[0m01:22:11.085155 [info ] [MainThread]:   role: dbt_role
[0m01:22:11.087584 [info ] [MainThread]:   schema: dbt_schema
[0m01:22:11.089173 [info ] [MainThread]:   authenticator: None
[0m01:22:11.090632 [info ] [MainThread]:   oauth_client_id: None
[0m01:22:11.091647 [info ] [MainThread]:   query_tag: None
[0m01:22:11.093978 [info ] [MainThread]:   client_session_keep_alive: False
[0m01:22:11.094978 [info ] [MainThread]:   host: None
[0m01:22:11.095973 [info ] [MainThread]:   port: None
[0m01:22:11.097980 [info ] [MainThread]:   proxy_host: None
[0m01:22:11.099981 [info ] [MainThread]:   proxy_port: None
[0m01:22:11.101495 [info ] [MainThread]:   protocol: None
[0m01:22:11.102500 [info ] [MainThread]:   connect_retries: 1
[0m01:22:11.104515 [info ] [MainThread]:   connect_timeout: None
[0m01:22:11.106506 [info ] [MainThread]:   retry_on_database_errors: False
[0m01:22:11.107507 [info ] [MainThread]:   retry_all: False
[0m01:22:11.108512 [info ] [MainThread]:   insecure_mode: False
[0m01:22:11.109506 [info ] [MainThread]:   reuse_connections: True
[0m01:22:11.111027 [info ] [MainThread]:   s3_stage_vpce_dns_name: None
[0m01:22:11.112051 [info ] [MainThread]:   platform_detection_timeout_seconds: 0.0
[0m01:22:11.114079 [info ] [MainThread]: Registered adapter: snowflake=1.11.5
[0m01:22:12.417972 [debug] [MainThread]: Acquiring new snowflake connection 'debug'
[0m01:22:16.522164 [debug] [MainThread]: Using snowflake connection "debug"
[0m01:22:16.523174 [debug] [MainThread]: On debug: select 1 as id
[0m01:22:16.523174 [debug] [MainThread]: Opening a new connection, currently in state init
[0m01:22:18.688923 [debug] [MainThread]: SQL status: SUCCESS 1 in 2.165 seconds
[0m01:22:18.689924 [info ] [MainThread]:   Connection test: [[32mOK connection ok[0m]

[0m01:22:18.690920 [info ] [MainThread]: [31m1 check failed:[0m
[0m01:22:18.692026 [info ] [MainThread]: Project loading failed for the following reason:
 project path <C:\Users\anupb\OneDrive - Northeastern University\Desktop\dbt_airflow\dbt_project.yml> not found

[0m01:22:18.693025 [debug] [MainThread]: Command `dbt debug` failed at 01:22:18.693025 after 12.76 seconds
[0m01:22:18.693025 [debug] [MainThread]: Connection 'debug' was left open.
[0m01:22:18.694026 [debug] [MainThread]: On debug: Close
[0m01:22:18.794280 [debug] [MainThread]: Sending event: {'category': 'dbt', 'action': 'invocation', 'label': 'end', 'context': [<snowplow_tracker.self_describing_json.SelfDescribingJson object at 0x000001ACFB367C20>, <snowplow_tracker.self_describing_json.SelfDescribingJson object at 0x000001ACFE2593A0>, <snowplow_tracker.self_describing_json.SelfDescribingJson object at 0x000001ACFE258D40>]}
[0m01:22:18.795285 [debug] [MainThread]: Flushing usage events
[0m01:22:19.320132 [debug] [MainThread]: An error was encountered while trying to flush usage events
